#-----------------------------------------------------------
# Vivado v2020.1 (64-bit)
# SW Build 2902540 on Wed May 27 19:54:49 MDT 2020
# IP Build 2902112 on Wed May 27 22:43:36 MDT 2020
# Start of session at: Sat Aug 22 03:02:03 2020
# Process ID: 23224
# Current directory: C:/Users/Campo/Documents/VGA-Controller
# Command line: vivado.exe -gui_launcher_event rodinguilauncherevent30032 C:\Users\Campo\Documents\VGA-Controller\VGA-Controller.xpr
# Log file: C:/Users/Campo/Documents/VGA-Controller/vivado.log
# Journal file: C:/Users/Campo/Documents/VGA-Controller\vivado.jou
#-----------------------------------------------------------
start_gui
open_project C:/Users/Campo/Documents/VGA-Controller/VGA-Controller.xpr
Scanning sources...
Finished scanning sources
INFO: [IP_Flow 19-234] Refreshing IP repositories
INFO: [IP_Flow 19-1704] No user IP repositories specified
INFO: [IP_Flow 19-2313] Loaded Vivado IP repository 'C:/Xilinx/Vivado/2020.1/data/ip'.
update_compile_order -fileset sources_1
launch_simulation
Command: launch_simulation 
boost::filesystem::remove: The process cannot access the file because it is being used by another process: "C:/Users/Campo/Documents/VGA-Controller/VGA-Controller.sim/sim_1/behav/xsim/simulate.log"
launch_simulation
Command: launch_simulation 
boost::filesystem::remove: The process cannot access the file because it is being used by another process: "C:/Users/Campo/Documents/VGA-Controller/VGA-Controller.sim/sim_1/behav/xsim/simulate.log"
