#-----------------------------------------------------------
# Vivado v2020.1 (64-bit)
# SW Build 2902540 on Wed May 27 19:54:49 MDT 2020
# IP Build 2902112 on Wed May 27 22:43:36 MDT 2020
# Start of session at: Thu Sep  3 17:01:02 2020
# Process ID: 3552
# Current directory: C:/Users/Campo/Documents/VGA-Controller
# Command line: vivado.exe -gui_launcher_event rodinguilauncherevent27104 C:\Users\Campo\Documents\VGA-Controller\VGA-Controller.xpr
# Log file: C:/Users/Campo/Documents/VGA-Controller/vivado.log
# Journal file: C:/Users/Campo/Documents/VGA-Controller\vivado.jou
#-----------------------------------------------------------
start_gui
open_project C:/Users/Campo/Documents/VGA-Controller/VGA-Controller.xpr
Scanning sources...
Finished scanning sources
INFO: [IP_Flow 19-234] Refreshing IP repositories
INFO: [IP_Flow 19-1704] No user IP repositories specified
INFO: [IP_Flow 19-2313] Loaded Vivado IP repository 'C:/Xilinx/Vivado/2020.1/data/ip'.
update_compile_order -fileset sources_1
exit
INFO: [Common 17-206] Exiting Vivado at Thu Sep  3 20:11:30 2020...
